<?xml version="1.0" encoding="UTF-8"?>
<!-- Generated by org.testng.reporters.JUnitReportReporter -->
<testsuite skipped="0" hostname="DESKTOP-RQ0I3KE" name="actitimeTests.LoginPageTest" tests="1" failures="0" timestamp="20 Apr 2019 10:55:50 GMT" time="12.085" errors="0">
  <testcase name="verifyPageTitle" time="12.085" classname="actitimeTests.LoginPageTest"/>
</testsuite> <!-- actitimeTests.LoginPageTest -->
