<?xml version="1.0" encoding="UTF-8"?>
<!-- Generated by org.testng.reporters.JUnitReportReporter -->
<testsuite skipped="0" hostname="DESKTOP-RQ0I3KE" name="actitimeTests.LoginPageTest" tests="2" failures="0" timestamp="02 May 2019 23:06:42 GMT" time="35.515" errors="0">
  <testcase name="verifyPageTitle" time="12.556" classname="actitimeTests.LoginPageTest"/>
  <testcase name="verifyAdminLogin" time="22.959" classname="actitimeTests.LoginPageTest"/>
</testsuite> <!-- actitimeTests.LoginPageTest -->
