<?xml version="1.0" encoding="UTF-8"?>
<!-- Generated by org.testng.reporters.JUnitReportReporter -->
<testsuite skipped="0" hostname="DESKTOP-RQ0I3KE" name="actitimeTests.LoginPageTest" tests="9" failures="0" timestamp="04 May 2019 16:42:26 GMT" time="189.532" errors="0">
  <testcase name="verifyLogoutTest" time="30.929" classname="actitimeTests.LoginPageTest"/>
  <testcase name="verifyAdminLogin" time="31.458" classname="actitimeTests.LoginPageTest"/>
  <testcase name="verifyValidationMsgWithInvalidLoginTest" time="23.278" classname="actitimeTests.LoginPageTest"/>
  <testcase name="verifyValidationMsgWithoutPasswordTest" time="17.473" classname="actitimeTests.LoginPageTest"/>
  <testcase name="verifyValidationMsgWithoutCredentialsTest" time="16.020" classname="actitimeTests.LoginPageTest"/>
  <testcase name="verifyPageTitle" time="12.861" classname="actitimeTests.LoginPageTest"/>
  <testcase name="verifyValidationMsgWithoutUsernameTest" time="16.500" classname="actitimeTests.LoginPageTest"/>
  <testcase name="verifyForgotPasswordTest" time="15.373" classname="actitimeTests.LoginPageTest"/>
  <testcase name="verifyTraineeLoginTest" time="25.640" classname="actitimeTests.LoginPageTest"/>
</testsuite> <!-- actitimeTests.LoginPageTest -->
