<?xml version="1.0" encoding="UTF-8"?>
<!-- Generated by org.testng.reporters.JUnitReportReporter -->
<testsuite skipped="3" hostname="DESKTOP-RQ0I3KE" name="actitimeTests.LoginPageTest" tests="7" failures="0" timestamp="02 May 2019 23:53:54 GMT" time="65.547" errors="0">
  <testcase name="verifyValidationMsgWithoutCredentialsTest" time="16.865" classname="actitimeTests.LoginPageTest"/>
  <testcase name="verifyValidationMsgWithoutPasswordTest" time="16.020" classname="actitimeTests.LoginPageTest"/>
  <testcase name="verifyValidationMsgWithoutUsernameTest" time="13.927" classname="actitimeTests.LoginPageTest"/>
  <testcase name="verifyValidationMsgWithInvalidLoginTest" time="18.735" classname="actitimeTests.LoginPageTest"/>
  <testcase name="verifyPageTitle" classname="actitimeTests.LoginPageTest">
    <skipped/>
  </testcase> <!-- verifyPageTitle -->
  <testcase name="verifyAdminLogin" classname="actitimeTests.LoginPageTest">
    <skipped/>
  </testcase> <!-- verifyAdminLogin -->
  <testcase name="verifyTraineeLoginTest" classname="actitimeTests.LoginPageTest">
    <skipped/>
  </testcase> <!-- verifyTraineeLoginTest -->
</testsuite> <!-- actitimeTests.LoginPageTest -->
