<?xml version="1.0" encoding="UTF-8"?>
<!-- Generated by org.testng.reporters.JUnitReportReporter -->
<testsuite skipped="0" hostname="DESKTOP-RQ0I3KE" name="actitimeTests.LoginPageTest" tests="8" failures="0" timestamp="03 May 2019 00:38:19 GMT" time="136.105" errors="0">
  <testcase name="verifyTraineeLoginTest" time="18.886" classname="actitimeTests.LoginPageTest"/>
  <testcase name="verifyValidationMsgWithInvalidLoginTest" time="16.050" classname="actitimeTests.LoginPageTest"/>
  <testcase name="verifyAdminLogin" time="20.073" classname="actitimeTests.LoginPageTest"/>
  <testcase name="verifyPageTitle" time="12.869" classname="actitimeTests.LoginPageTest"/>
  <testcase name="verifyValidationMsgWithoutPasswordTest" time="14.599" classname="actitimeTests.LoginPageTest"/>
  <testcase name="verifyValidationMsgWithoutUsernameTest" time="14.804" classname="actitimeTests.LoginPageTest"/>
  <testcase name="verifyLogoutTest" time="23.518" classname="actitimeTests.LoginPageTest"/>
  <testcase name="verifyValidationMsgWithoutCredentialsTest" time="15.306" classname="actitimeTests.LoginPageTest"/>
</testsuite> <!-- actitimeTests.LoginPageTest -->
